Build started 28/01/2015 19:19:16.
     1>Project "C:\VS Projects\RTP_Lab2.0\RTP_Lab2.0\RTP_Lab2.0.vcxproj" on node 2 (Build target(s)).
     1>ClCompile:
         C:\Program Files (x86)\Microsoft Visual Studio 11.0\VC\bin\CL.exe /c /I"C:\VS Projects\RTP_Lab2.0\RTP_Lab2.0\AntTweakBar\AntTweakBar\include" /I"C:\VS Projects\RTP_Lab2.0\RTP_Lab2.0\glew-1.10.0\include" /I"C:\VS Projects\RTP_Lab2.0\RTP_Lab2.0\freeglut\include" /I"C:\VS Projects\RTP_Lab2.0\RTP_Lab2.0\assimp\include" /ZI /nologo /W3 /WX- /sdl /Od /Oy- /D WIN32 /D _DEBUG /D _CONSOLE /D _UNICODE /D UNICODE /Gm /EHsc /RTC1 /MDd /GS /fp:precise /Zc:wchar_t /Zc:forScope /Fo"Debug\\" /Fd"Debug\vc110.pdb" /Gd /TP /analyze- /errorReport:prompt Files\Effector.cpp Files\RigidBody.cpp Files\main.cpp
         Effector.cpp
     1>c:\vs projects\rtp_lab2.0\rtp_lab2.0\files\effector.cpp(16): error C2065: 'setForceDirCB' : undeclared identifier
     1>c:\vs projects\rtp_lab2.0\rtp_lab2.0\files\effector.cpp(16): error C2065: 'getForceDirCB' : undeclared identifier
         Generating Code...
         Compiling...
         RigidBody.cpp
     1>c:\vs projects\rtp_lab2.0\rtp_lab2.0\files\rigidbody.cpp(29): warning C4018: '<' : signed/unsigned mismatch
     1>c:\vs projects\rtp_lab2.0\rtp_lab2.0\files\rigidbody.cpp(290): warning C4018: '<' : signed/unsigned mismatch
     1>c:\vs projects\rtp_lab2.0\rtp_lab2.0\files\rigidbody.cpp(435): warning C4018: '<' : signed/unsigned mismatch
     1>c:\vs projects\rtp_lab2.0\rtp_lab2.0\files\rigidbody.cpp(469): warning C4018: '<' : signed/unsigned mismatch
     1>c:\vs projects\rtp_lab2.0\rtp_lab2.0\files\rigidbody.cpp(462): warning C4101: 'height' : unreferenced local variable
     1>c:\vs projects\rtp_lab2.0\rtp_lab2.0\files\rigidbody.cpp(462): warning C4101: 'width' : unreferenced local variable
     1>c:\vs projects\rtp_lab2.0\rtp_lab2.0\files\rigidbody.cpp(462): warning C4101: 'depth' : unreferenced local variable
         Generating Code...
         Compiling...
         main.cpp
     1>c:\vs projects\rtp_lab2.0\rtp_lab2.0\files\main.cpp(234): warning C4244: 'argument' : conversion from 'double' to 'float', possible loss of data
     1>c:\vs projects\rtp_lab2.0\rtp_lab2.0\files\main.cpp(333): warning C4018: '<' : signed/unsigned mismatch
         GLM: perspective function taking degrees as a parameter is deprecated. #define GLM_FORCE_RADIANS before including GLM headers to remove this message.
         Generating Code...
     1>Done Building Project "C:\VS Projects\RTP_Lab2.0\RTP_Lab2.0\RTP_Lab2.0.vcxproj" (Build target(s)) -- FAILED.

Build FAILED.

Time Elapsed 00:00:03.44
